<?xml version="1.0" encoding="UTF-8"?>
<testsuites>
  <testsuite name="Tests\Feature\Auth\LoginTest" file="C:\laragon\www\Sibali.id\tests\Feature\Auth\LoginTest.php" tests="4" assertions="0" errors="4" failures="0" skipped="0" time="0.000000">
    <testcase name="user_can_login_with_email" file="C:\laragon\www\Sibali.id\tests\Feature\Auth\LoginTest.php" line="14" class="Tests\Feature\Auth\LoginTest" classname="Tests.Feature.Auth.LoginTest" assertions="0" time="0.000000">
      <error type="Illuminate\Database\QueryException">Tests\Feature\Auth\LoginTest::user_can_login_with_email&#13;
Illuminate\Database\QueryException: could not find driver (Connection: sqlite, SQL: PRAGMA foreign_keys = ON;)
&#13;
C:\laragon\www\Sibali.id\vendor\laravel\framework\src\Illuminate\Database\Connection.php:829
C:\laragon\www\Sibali.id\vendor\laravel\framework\src\Illuminate\Database\Connection.php:783
C:\laragon\www\Sibali.id\vendor\laravel\framework\src\Illuminate\Database\Connection.php:588
C:\laragon\www\Sibali.id\vendor\laravel\framework\src\Illuminate\Database\Schema\Builder.php:561
C:\laragon\www\Sibali.id\vendor\laravel\framework\src\Illuminate\Database\SQLiteConnection.php:36
C:\laragon\www\Sibali.id\vendor\laravel\framework\src\Illuminate\Database\Connectors\ConnectionFactory.php:272
C:\laragon\www\Sibali.id\vendor\laravel\framework\src\Illuminate\Database\Connectors\ConnectionFactory.php:76
C:\laragon\www\Sibali.id\vendor\laravel\framework\src\Illuminate\Database\Connectors\ConnectionFactory.php:50
C:\laragon\www\Sibali.id\vendor\laravel\framework\src\Illuminate\Database\DatabaseManager.php:175
C:\laragon\www\Sibali.id\vendor\laravel\framework\src\Illuminate\Database\DatabaseManager.php:101
C:\laragon\www\Sibali.id\vendor\laravel\framework\src\Illuminate\Database\Migrations\DatabaseMigrationRepository.php:226
C:\laragon\www\Sibali.id\vendor\laravel\framework\src\Illuminate\Database\Migrations\DatabaseMigrationRepository.php:182
C:\laragon\www\Sibali.id\vendor\laravel\framework\src\Illuminate\Database\Migrations\Migrator.php:727
C:\laragon\www\Sibali.id\vendor\laravel\framework\src\Illuminate\Database\Console\Migrations\MigrateCommand.php:140
C:\laragon\www\Sibali.id\vendor\laravel\framework\src\Illuminate\Support\helpers.php:261
C:\laragon\www\Sibali.id\vendor\laravel\framework\src\Illuminate\Database\Console\Migrations\MigrateCommand.php:159
C:\laragon\www\Sibali.id\vendor\laravel\framework\src\Illuminate\Database\Console\Migrations\MigrateCommand.php:116
C:\laragon\www\Sibali.id\vendor\laravel\framework\src\Illuminate\Database\Console\Migrations\MigrateCommand.php:84
C:\laragon\www\Sibali.id\vendor\laravel\framework\src\Illuminate\Database\Migrations\Migrator.php:641
C:\laragon\www\Sibali.id\vendor\laravel\framework\src\Illuminate\Database\Console\Migrations\MigrateCommand.php:104
C:\laragon\www\Sibali.id\vendor\laravel\framework\src\Illuminate\Container\BoundMethod.php:36
C:\laragon\www\Sibali.id\vendor\laravel\framework\src\Illuminate\Container\Util.php:41
C:\laragon\www\Sibali.id\vendor\laravel\framework\src\Illuminate\Container\BoundMethod.php:93
C:\laragon\www\Sibali.id\vendor\laravel\framework\src\Illuminate\Container\BoundMethod.php:37
C:\laragon\www\Sibali.id\vendor\laravel\framework\src\Illuminate\Container\Container.php:662
C:\laragon\www\Sibali.id\vendor\laravel\framework\src\Illuminate\Console\Command.php:211
C:\laragon\www\Sibali.id\vendor\symfony\console\Command\Command.php:326
C:\laragon\www\Sibali.id\vendor\laravel\framework\src\Illuminate\Console\Command.php:181
C:\laragon\www\Sibali.id\vendor\symfony\console\Application.php:1083
C:\laragon\www\Sibali.id\vendor\symfony\console\Application.php:324
C:\laragon\www\Sibali.id\vendor\symfony\console\Application.php:175
C:\laragon\www\Sibali.id\vendor\laravel\framework\src\Illuminate\Console\Application.php:163
C:\laragon\www\Sibali.id\vendor\laravel\framework\src\Illuminate\Foundation\Console\Kernel.php:400
C:\laragon\www\Sibali.id\vendor\laravel\framework\src\Illuminate\Testing\PendingCommand.php:297
C:\laragon\www\Sibali.id\vendor\laravel\framework\src\Illuminate\Testing\PendingCommand.php:484
C:\laragon\www\Sibali.id\vendor\laravel\framework\src\Illuminate\Foundation\Testing\Concerns\InteractsWithConsole.php:80
C:\laragon\www\Sibali.id\vendor\laravel\framework\src\Illuminate\Foundation\Testing\RefreshDatabase.php:47
C:\laragon\www\Sibali.id\vendor\laravel\framework\src\Illuminate\Foundation\Testing\RefreshDatabase.php:22
C:\laragon\www\Sibali.id\vendor\laravel\framework\src\Illuminate\Foundation\Testing\Concerns\InteractsWithTestCaseLifecycle.php:183
C:\laragon\www\Sibali.id\vendor\laravel\framework\src\Illuminate\Foundation\Testing\Concerns\InteractsWithTestCaseLifecycle.php:84
C:\laragon\www\Sibali.id\vendor\laravel\framework\src\Illuminate\Foundation\Testing\TestCase.php:40</error>
    </testcase>
    <testcase name="user_can_login_with_phone" file="C:\laragon\www\Sibali.id\tests\Feature\Auth\LoginTest.php" line="36" class="Tests\Feature\Auth\LoginTest" classname="Tests.Feature.Auth.LoginTest" assertions="0" time="0.000000">
      <error type="Illuminate\Database\QueryException">Tests\Feature\Auth\LoginTest::user_can_login_with_phone&#13;
Illuminate\Database\QueryException: could not find driver (Connection: sqlite, SQL: PRAGMA foreign_keys = ON;)
&#13;
C:\laragon\www\Sibali.id\vendor\laravel\framework\src\Illuminate\Database\Connection.php:829
C:\laragon\www\Sibali.id\vendor\laravel\framework\src\Illuminate\Database\Connection.php:783
C:\laragon\www\Sibali.id\vendor\laravel\framework\src\Illuminate\Database\Connection.php:588
C:\laragon\www\Sibali.id\vendor\laravel\framework\src\Illuminate\Database\Schema\Builder.php:561
C:\laragon\www\Sibali.id\vendor\laravel\framework\src\Illuminate\Database\SQLiteConnection.php:36
C:\laragon\www\Sibali.id\vendor\laravel\framework\src\Illuminate\Database\Connectors\ConnectionFactory.php:272
C:\laragon\www\Sibali.id\vendor\laravel\framework\src\Illuminate\Database\Connectors\ConnectionFactory.php:76
C:\laragon\www\Sibali.id\vendor\laravel\framework\src\Illuminate\Database\Connectors\ConnectionFactory.php:50
C:\laragon\www\Sibali.id\vendor\laravel\framework\src\Illuminate\Database\DatabaseManager.php:175
C:\laragon\www\Sibali.id\vendor\laravel\framework\src\Illuminate\Database\DatabaseManager.php:101
C:\laragon\www\Sibali.id\vendor\laravel\framework\src\Illuminate\Database\Migrations\DatabaseMigrationRepository.php:226
C:\laragon\www\Sibali.id\vendor\laravel\framework\src\Illuminate\Database\Migrations\DatabaseMigrationRepository.php:182
C:\laragon\www\Sibali.id\vendor\laravel\framework\src\Illuminate\Database\Migrations\Migrator.php:727
C:\laragon\www\Sibali.id\vendor\laravel\framework\src\Illuminate\Database\Console\Migrations\MigrateCommand.php:140
C:\laragon\www\Sibali.id\vendor\laravel\framework\src\Illuminate\Support\helpers.php:261
C:\laragon\www\Sibali.id\vendor\laravel\framework\src\Illuminate\Database\Console\Migrations\MigrateCommand.php:159
C:\laragon\www\Sibali.id\vendor\laravel\framework\src\Illuminate\Database\Console\Migrations\MigrateCommand.php:116
C:\laragon\www\Sibali.id\vendor\laravel\framework\src\Illuminate\Database\Console\Migrations\MigrateCommand.php:84
C:\laragon\www\Sibali.id\vendor\laravel\framework\src\Illuminate\Database\Migrations\Migrator.php:641
C:\laragon\www\Sibali.id\vendor\laravel\framework\src\Illuminate\Database\Console\Migrations\MigrateCommand.php:104
C:\laragon\www\Sibali.id\vendor\laravel\framework\src\Illuminate\Container\BoundMethod.php:36
C:\laragon\www\Sibali.id\vendor\laravel\framework\src\Illuminate\Container\Util.php:41
C:\laragon\www\Sibali.id\vendor\laravel\framework\src\Illuminate\Container\BoundMethod.php:93
C:\laragon\www\Sibali.id\vendor\laravel\framework\src\Illuminate\Container\BoundMethod.php:37
C:\laragon\www\Sibali.id\vendor\laravel\framework\src\Illuminate\Container\Container.php:662
C:\laragon\www\Sibali.id\vendor\laravel\framework\src\Illuminate\Console\Command.php:211
C:\laragon\www\Sibali.id\vendor\symfony\console\Command\Command.php:326
C:\laragon\www\Sibali.id\vendor\laravel\framework\src\Illuminate\Console\Command.php:181
C:\laragon\www\Sibali.id\vendor\symfony\console\Application.php:1083
C:\laragon\www\Sibali.id\vendor\symfony\console\Application.php:324
C:\laragon\www\Sibali.id\vendor\symfony\console\Application.php:175
C:\laragon\www\Sibali.id\vendor\laravel\framework\src\Illuminate\Console\Application.php:163
C:\laragon\www\Sibali.id\vendor\laravel\framework\src\Illuminate\Foundation\Console\Kernel.php:400
C:\laragon\www\Sibali.id\vendor\laravel\framework\src\Illuminate\Testing\PendingCommand.php:297
C:\laragon\www\Sibali.id\vendor\laravel\framework\src\Illuminate\Testing\PendingCommand.php:484
C:\laragon\www\Sibali.id\vendor\laravel\framework\src\Illuminate\Foundation\Testing\Concerns\InteractsWithConsole.php:80
C:\laragon\www\Sibali.id\vendor\laravel\framework\src\Illuminate\Foundation\Testing\RefreshDatabase.php:47
C:\laragon\www\Sibali.id\vendor\laravel\framework\src\Illuminate\Foundation\Testing\RefreshDatabase.php:22
C:\laragon\www\Sibali.id\vendor\laravel\framework\src\Illuminate\Foundation\Testing\Concerns\InteractsWithTestCaseLifecycle.php:183
C:\laragon\www\Sibali.id\vendor\laravel\framework\src\Illuminate\Foundation\Testing\Concerns\InteractsWithTestCaseLifecycle.php:84
C:\laragon\www\Sibali.id\vendor\laravel\framework\src\Illuminate\Foundation\Testing\TestCase.php:40</error>
    </testcase>
    <testcase name="login_fails_with_wrong_credentials" file="C:\laragon\www\Sibali.id\tests\Feature\Auth\LoginTest.php" line="58" class="Tests\Feature\Auth\LoginTest" classname="Tests.Feature.Auth.LoginTest" assertions="0" time="0.000000">
      <error type="Illuminate\Database\QueryException">Tests\Feature\Auth\LoginTest::login_fails_with_wrong_credentials&#13;
Illuminate\Database\QueryException: could not find driver (Connection: sqlite, SQL: PRAGMA foreign_keys = ON;)
&#13;
C:\laragon\www\Sibali.id\vendor\laravel\framework\src\Illuminate\Database\Connection.php:829
C:\laragon\www\Sibali.id\vendor\laravel\framework\src\Illuminate\Database\Connection.php:783
C:\laragon\www\Sibali.id\vendor\laravel\framework\src\Illuminate\Database\Connection.php:588
C:\laragon\www\Sibali.id\vendor\laravel\framework\src\Illuminate\Database\Schema\Builder.php:561
C:\laragon\www\Sibali.id\vendor\laravel\framework\src\Illuminate\Database\SQLiteConnection.php:36
C:\laragon\www\Sibali.id\vendor\laravel\framework\src\Illuminate\Database\Connectors\ConnectionFactory.php:272
C:\laragon\www\Sibali.id\vendor\laravel\framework\src\Illuminate\Database\Connectors\ConnectionFactory.php:76
C:\laragon\www\Sibali.id\vendor\laravel\framework\src\Illuminate\Database\Connectors\ConnectionFactory.php:50
C:\laragon\www\Sibali.id\vendor\laravel\framework\src\Illuminate\Database\DatabaseManager.php:175
C:\laragon\www\Sibali.id\vendor\laravel\framework\src\Illuminate\Database\DatabaseManager.php:101
C:\laragon\www\Sibali.id\vendor\laravel\framework\src\Illuminate\Database\Migrations\DatabaseMigrationRepository.php:226
C:\laragon\www\Sibali.id\vendor\laravel\framework\src\Illuminate\Database\Migrations\DatabaseMigrationRepository.php:182
C:\laragon\www\Sibali.id\vendor\laravel\framework\src\Illuminate\Database\Migrations\Migrator.php:727
C:\laragon\www\Sibali.id\vendor\laravel\framework\src\Illuminate\Database\Console\Migrations\MigrateCommand.php:140
C:\laragon\www\Sibali.id\vendor\laravel\framework\src\Illuminate\Support\helpers.php:261
C:\laragon\www\Sibali.id\vendor\laravel\framework\src\Illuminate\Database\Console\Migrations\MigrateCommand.php:159
C:\laragon\www\Sibali.id\vendor\laravel\framework\src\Illuminate\Database\Console\Migrations\MigrateCommand.php:116
C:\laragon\www\Sibali.id\vendor\laravel\framework\src\Illuminate\Database\Console\Migrations\MigrateCommand.php:84
C:\laragon\www\Sibali.id\vendor\laravel\framework\src\Illuminate\Database\Migrations\Migrator.php:641
C:\laragon\www\Sibali.id\vendor\laravel\framework\src\Illuminate\Database\Console\Migrations\MigrateCommand.php:104
C:\laragon\www\Sibali.id\vendor\laravel\framework\src\Illuminate\Container\BoundMethod.php:36
C:\laragon\www\Sibali.id\vendor\laravel\framework\src\Illuminate\Container\Util.php:41
C:\laragon\www\Sibali.id\vendor\laravel\framework\src\Illuminate\Container\BoundMethod.php:93
C:\laragon\www\Sibali.id\vendor\laravel\framework\src\Illuminate\Container\BoundMethod.php:37
C:\laragon\www\Sibali.id\vendor\laravel\framework\src\Illuminate\Container\Container.php:662
C:\laragon\www\Sibali.id\vendor\laravel\framework\src\Illuminate\Console\Command.php:211
C:\laragon\www\Sibali.id\vendor\symfony\console\Command\Command.php:326
C:\laragon\www\Sibali.id\vendor\laravel\framework\src\Illuminate\Console\Command.php:181
C:\laragon\www\Sibali.id\vendor\symfony\console\Application.php:1083
C:\laragon\www\Sibali.id\vendor\symfony\console\Application.php:324
C:\laragon\www\Sibali.id\vendor\symfony\console\Application.php:175
C:\laragon\www\Sibali.id\vendor\laravel\framework\src\Illuminate\Console\Application.php:163
C:\laragon\www\Sibali.id\vendor\laravel\framework\src\Illuminate\Foundation\Console\Kernel.php:400
C:\laragon\www\Sibali.id\vendor\laravel\framework\src\Illuminate\Testing\PendingCommand.php:297
C:\laragon\www\Sibali.id\vendor\laravel\framework\src\Illuminate\Testing\PendingCommand.php:484
C:\laragon\www\Sibali.id\vendor\laravel\framework\src\Illuminate\Foundation\Testing\Concerns\InteractsWithConsole.php:80
C:\laragon\www\Sibali.id\vendor\laravel\framework\src\Illuminate\Foundation\Testing\RefreshDatabase.php:47
C:\laragon\www\Sibali.id\vendor\laravel\framework\src\Illuminate\Foundation\Testing\RefreshDatabase.php:22
C:\laragon\www\Sibali.id\vendor\laravel\framework\src\Illuminate\Foundation\Testing\Concerns\InteractsWithTestCaseLifecycle.php:183
C:\laragon\www\Sibali.id\vendor\laravel\framework\src\Illuminate\Foundation\Testing\Concerns\InteractsWithTestCaseLifecycle.php:84
C:\laragon\www\Sibali.id\vendor\laravel\framework\src\Illuminate\Foundation\Testing\TestCase.php:40</error>
    </testcase>
    <testcase name="login_requires_identifier_and_password" file="C:\laragon\www\Sibali.id\tests\Feature\Auth\LoginTest.php" line="80" class="Tests\Feature\Auth\LoginTest" classname="Tests.Feature.Auth.LoginTest" assertions="0" time="0.000000">
      <error type="Illuminate\Database\QueryException">Tests\Feature\Auth\LoginTest::login_requires_identifier_and_password&#13;
Illuminate\Database\QueryException: could not find driver (Connection: sqlite, SQL: PRAGMA foreign_keys = ON;)
&#13;
C:\laragon\www\Sibali.id\vendor\laravel\framework\src\Illuminate\Database\Connection.php:829
C:\laragon\www\Sibali.id\vendor\laravel\framework\src\Illuminate\Database\Connection.php:783
C:\laragon\www\Sibali.id\vendor\laravel\framework\src\Illuminate\Database\Connection.php:588
C:\laragon\www\Sibali.id\vendor\laravel\framework\src\Illuminate\Database\Schema\Builder.php:561
C:\laragon\www\Sibali.id\vendor\laravel\framework\src\Illuminate\Database\SQLiteConnection.php:36
C:\laragon\www\Sibali.id\vendor\laravel\framework\src\Illuminate\Database\Connectors\ConnectionFactory.php:272
C:\laragon\www\Sibali.id\vendor\laravel\framework\src\Illuminate\Database\Connectors\ConnectionFactory.php:76
C:\laragon\www\Sibali.id\vendor\laravel\framework\src\Illuminate\Database\Connectors\ConnectionFactory.php:50
C:\laragon\www\Sibali.id\vendor\laravel\framework\src\Illuminate\Database\DatabaseManager.php:175
C:\laragon\www\Sibali.id\vendor\laravel\framework\src\Illuminate\Database\DatabaseManager.php:101
C:\laragon\www\Sibali.id\vendor\laravel\framework\src\Illuminate\Database\Migrations\DatabaseMigrationRepository.php:226
C:\laragon\www\Sibali.id\vendor\laravel\framework\src\Illuminate\Database\Migrations\DatabaseMigrationRepository.php:182
C:\laragon\www\Sibali.id\vendor\laravel\framework\src\Illuminate\Database\Migrations\Migrator.php:727
C:\laragon\www\Sibali.id\vendor\laravel\framework\src\Illuminate\Database\Console\Migrations\MigrateCommand.php:140
C:\laragon\www\Sibali.id\vendor\laravel\framework\src\Illuminate\Support\helpers.php:261
C:\laragon\www\Sibali.id\vendor\laravel\framework\src\Illuminate\Database\Console\Migrations\MigrateCommand.php:159
C:\laragon\www\Sibali.id\vendor\laravel\framework\src\Illuminate\Database\Console\Migrations\MigrateCommand.php:116
C:\laragon\www\Sibali.id\vendor\laravel\framework\src\Illuminate\Database\Console\Migrations\MigrateCommand.php:84
C:\laragon\www\Sibali.id\vendor\laravel\framework\src\Illuminate\Database\Migrations\Migrator.php:641
C:\laragon\www\Sibali.id\vendor\laravel\framework\src\Illuminate\Database\Console\Migrations\MigrateCommand.php:104
C:\laragon\www\Sibali.id\vendor\laravel\framework\src\Illuminate\Container\BoundMethod.php:36
C:\laragon\www\Sibali.id\vendor\laravel\framework\src\Illuminate\Container\Util.php:41
C:\laragon\www\Sibali.id\vendor\laravel\framework\src\Illuminate\Container\BoundMethod.php:93
C:\laragon\www\Sibali.id\vendor\laravel\framework\src\Illuminate\Container\BoundMethod.php:37
C:\laragon\www\Sibali.id\vendor\laravel\framework\src\Illuminate\Container\Container.php:662
C:\laragon\www\Sibali.id\vendor\laravel\framework\src\Illuminate\Console\Command.php:211
C:\laragon\www\Sibali.id\vendor\symfony\console\Command\Command.php:326
C:\laragon\www\Sibali.id\vendor\laravel\framework\src\Illuminate\Console\Command.php:181
C:\laragon\www\Sibali.id\vendor\symfony\console\Application.php:1083
C:\laragon\www\Sibali.id\vendor\symfony\console\Application.php:324
C:\laragon\www\Sibali.id\vendor\symfony\console\Application.php:175
C:\laragon\www\Sibali.id\vendor\laravel\framework\src\Illuminate\Console\Application.php:163
C:\laragon\www\Sibali.id\vendor\laravel\framework\src\Illuminate\Foundation\Console\Kernel.php:400
C:\laragon\www\Sibali.id\vendor\laravel\framework\src\Illuminate\Testing\PendingCommand.php:297
C:\laragon\www\Sibali.id\vendor\laravel\framework\src\Illuminate\Testing\PendingCommand.php:484
C:\laragon\www\Sibali.id\vendor\laravel\framework\src\Illuminate\Foundation\Testing\Concerns\InteractsWithConsole.php:80
C:\laragon\www\Sibali.id\vendor\laravel\framework\src\Illuminate\Foundation\Testing\RefreshDatabase.php:47
C:\laragon\www\Sibali.id\vendor\laravel\framework\src\Illuminate\Foundation\Testing\RefreshDatabase.php:22
C:\laragon\www\Sibali.id\vendor\laravel\framework\src\Illuminate\Foundation\Testing\Concerns\InteractsWithTestCaseLifecycle.php:183
C:\laragon\www\Sibali.id\vendor\laravel\framework\src\Illuminate\Foundation\Testing\Concerns\InteractsWithTestCaseLifecycle.php:84
C:\laragon\www\Sibali.id\vendor\laravel\framework\src\Illuminate\Foundation\Testing\TestCase.php:40</error>
    </testcase>
  </testsuite>
</testsuites>
